<?xml version="1.0" encoding="UTF-8"?>
<testsuite xmlns:xsi="http://www.w3.org/2001/XMLSchema-instance" xsi:noNamespaceSchemaLocation="https://maven.apache.org/surefire/maven-surefire-plugin/xsd/surefire-test-report-3.0.xsd" version="3.0" name="org.jhotdraw.geom.path.BezierPathTest" time="0.037" tests="4" errors="0" skipped="0" failures="0">
  <properties>
[...]
</properties>
  <testcase name="testToPolygonArray" classname="org.jhotdraw.geom.path.BezierPathTest" time="0.017"/>
  <testcase name="testPathIterator" classname="org.jhotdraw.geom.path.BezierPathTest" time="0.002"/>
  <testcase name="testPathIterator2" classname="org.jhotdraw.geom.path.BezierPathTest" time="0.001"/>
  <testcase name="testToGeneralPath" classname="org.jhotdraw.geom.path.BezierPathTest" time="0.001"/>
</testsuite>