<?xml version="1.0" encoding="UTF-8"?>
<testsuite xmlns:xsi="http://www.w3.org/2001/XMLSchema-instance" xsi:noNamespaceSchemaLocation="https://maven.apache.org/surefire/maven-surefire-plugin/xsd/surefire-test-report-3.0.xsd" version="3.0" name="org.jhotdraw.io.DOMStorableInputOutputFormatTest" time="1.19" tests="10" errors="0" skipped="0" failures="0">
  <properties>
[...]
</properties>
  <testcase name="testProblemAttributeRectangle" classname="org.jhotdraw.io.DOMStorableInputOutputFormatTest" time="0.221"/>
  <testcase name="testSomeFigures" classname="org.jhotdraw.io.DOMStorableInputOutputFormatTest" time="0.543"/>
  <testcase name="testBezierFigure" classname="org.jhotdraw.io.DOMStorableInputOutputFormatTest" time="0.004"/>
  <testcase name="testRectangle" classname="org.jhotdraw.io.DOMStorableInputOutputFormatTest" time="0.002"/>
  <testcase name="testSomeFiguresInOut(String) 1 figures" classname="org.jhotdraw.io.DOMStorableInputOutputFormatTest" time="0.311">
    <system-err><![CDATA[May 12, 2024 5:28:23 PM org.jhotdraw.io.DOMStorableInputOutputFormatTest testSomeFiguresInOut
INFO: testing figures.xml
]]></system-err>
  </testcase>
  <testcase name="testSomeFiguresInOut(String) 2 arrowtip" classname="org.jhotdraw.io.DOMStorableInputOutputFormatTest" time="0.015">
    <system-err><![CDATA[May 12, 2024 5:28:23 PM org.jhotdraw.io.DOMStorableInputOutputFormatTest testSomeFiguresInOut
INFO: testing arrowtip.xml
]]></system-err>
  </testcase>
  <testcase name="testSomeFiguresInOut(String) 3 green_rectangle" classname="org.jhotdraw.io.DOMStorableInputOutputFormatTest" time="0.009">
    <system-err><![CDATA[May 12, 2024 5:28:23 PM org.jhotdraw.io.DOMStorableInputOutputFormatTest testSomeFiguresInOut
INFO: testing green_rectangle.xml
]]></system-err>
  </testcase>
  <testcase name="testSomeFiguresInOut(String) 4 bezier" classname="org.jhotdraw.io.DOMStorableInputOutputFormatTest" time="0.013">
    <system-err><![CDATA[May 12, 2024 5:28:23 PM org.jhotdraw.io.DOMStorableInputOutputFormatTest testSomeFiguresInOut
INFO: testing bezier.xml
]]></system-err>
  </testcase>
  <testcase name="testSomeFiguresInOut(String) 5 group" classname="org.jhotdraw.io.DOMStorableInputOutputFormatTest" time="0.011">
    <system-err><![CDATA[May 12, 2024 5:28:23 PM org.jhotdraw.io.DOMStorableInputOutputFormatTest testSomeFiguresInOut
INFO: testing group.xml
]]></system-err>
  </testcase>
  <testcase name="testSomeFiguresInOut(String) 6 image" classname="org.jhotdraw.io.DOMStorableInputOutputFormatTest" time="0.011">
    <system-err><![CDATA[May 12, 2024 5:28:23 PM org.jhotdraw.io.DOMStorableInputOutputFormatTest testSomeFiguresInOut
INFO: testing image.xml
]]></system-err>
  </testcase>
</testsuite>